-- The C compiler identification is GNU 11.4.0
-- The CXX compiler identification is GNU 11.4.0
-- Detecting C compiler ABI info
-- Detecting C compiler ABI info - done
-- Check for working C compiler: /usr/bin/cc - skipped
-- Detecting C compile features
-- Detecting C compile features - done
-- Detecting CXX compiler ABI info
-- Detecting CXX compiler ABI info - done
-- Check for working CXX compiler: /usr/bin/c++ - skipped
-- Detecting CXX compile features
-- Detecting CXX compile features - done
-- Found ament_cmake: 1.3.12 (/opt/ros/humble/share/ament_cmake/cmake)
-- Found Python3: /usr/bin/python3 (found version "3.10.12") found components: Interpreter 
-- Found urdf: 2.6.1 (/opt/ros/humble/share/urdf/cmake)
-- Found kdl_parser: 2.6.4 (/opt/ros/humble/share/kdl_parser/cmake)
-- Found eigen3_cmake_module: 0.1.1 (/opt/ros/humble/share/eigen3_cmake_module/cmake)
-- Found Eigen3: TRUE (found version "3.4.0") 
-- Ensuring Eigen3 include directory is part of orocos-kdl CMake target
-- Found sensor_msgs: 4.9.0 (/opt/ros/humble/share/sensor_msgs/cmake)
-- Found rosidl_generator_c: 3.1.7 (/opt/ros/humble/share/rosidl_generator_c/cmake)
-- Found rosidl_adapter: 3.1.7 (/opt/ros/humble/share/rosidl_adapter/cmake)
-- Found rosidl_generator_cpp: 3.1.7 (/opt/ros/humble/share/rosidl_generator_cpp/cmake)
-- Using all available rosidl_typesupport_c: rosidl_typesupport_fastrtps_c;rosidl_typesupport_introspection_c
-- Using all available rosidl_typesupport_cpp: rosidl_typesupport_fastrtps_cpp;rosidl_typesupport_introspection_cpp
-- Found rclcpp: 16.0.15 (/opt/ros/humble/share/rclcpp/cmake)
-- Found rmw_implementation_cmake: 6.1.2 (/opt/ros/humble/share/rmw_implementation_cmake/cmake)
-- Found rmw_fastrtps_cpp: 6.2.9 (/opt/ros/humble/share/rmw_fastrtps_cpp/cmake)
-- Found TinyXML2 via Config file: TinyXML2_DIR-NOTFOUND
-- Found OpenSSL: /usr/lib/x86_64-linux-gnu/libcrypto.so (found version "3.0.2")  
-- Found TinyXML2 via Config file: TinyXML2_DIR-NOTFOUND
-- Found FastRTPS: /opt/ros/humble/include  
-- Found TinyXML2 via Config file: TinyXML2_DIR-NOTFOUND
-- Found TinyXML2 via Config file: TinyXML2_DIR-NOTFOUND
-- Using RMW implementation 'rmw_fastrtps_cpp' as default
-- Looking for pthread.h
-- Looking for pthread.h - found
-- Performing Test CMAKE_HAVE_LIBC_PTHREAD
-- Performing Test CMAKE_HAVE_LIBC_PTHREAD - Success
-- Found Threads: TRUE  
-- Found ament_lint_auto: 0.12.14 (/opt/ros/humble/share/ament_lint_auto/cmake)
-- Added test 'cppcheck' to perform static code analysis on C / C++ code
-- Configured cppcheck include dirs: $<BUILD_INTERFACE:/home/user/ros2_ws/src/ros2_kdl_package/include>
-- Configured cppcheck exclude dirs and/or files: 
-- Added test 'flake8' to check Python code syntax and style conventions
-- Added test 'lint_cmake' to check CMake code style
-- Added test 'pep257' to check Python code against some of the docstring style conventions in PEP 257
-- Added test 'uncrustify' to check C / C++ code style
-- Configured uncrustify additional arguments: 
-- Added test 'xmllint' to check XML markup files
-- Configuring done
-- Generating done
-- Build files have been written to: /home/user/ros2_ws/src/ros2_kdl_package/build/ros2_kdl_package
[ 14%] [32mBuilding CXX object CMakeFiles/ros2_kdl_node.dir/src/ros2_kdl_node.cpp.o[0m
[ 28%] [32mBuilding CXX object CMakeFiles/ros2_kdl_node.dir/src/kdl_robot.cpp.o[0m
[ 42%] [32mBuilding CXX object CMakeFiles/ros2_kdl_node.dir/src/kdl_planner.cpp.o[0m
[ 57%] [32mBuilding CXX object CMakeFiles/ros2_kdl_node.dir/src/kdl_control.cpp.o[0m
[ 71%] [32mBuilding CXX object CMakeFiles/ros2_kdl_node_example.dir/src/ros2_kdl_node_example.cpp.o[0m
[01m[K/home/user/ros2_ws/src/ros2_kdl_package/src/kdl_control.cpp:[m[K In member function ‘[01m[KEigen::VectorXd KDLController::idCntr(KDL::Frame&, KDL::Twist&, KDL::Twist&, double, double, double, double)[m[K’:
[01m[K/home/user/ros2_ws/src/ros2_kdl_package/src/kdl_control.cpp:33:1:[m[K [01;35m[Kwarning: [m[Kno return statement in function returning non-void [[01;35m[K-Wreturn-type[m[K]
   33 | [01;35m[K}[m[K
      | [01;35m[K^[m[K
[01m[K/home/user/ros2_ws/src/ros2_kdl_package/src/kdl_control.cpp:26:51:[m[K [01;35m[Kwarning: [m[Kunused parameter ‘[01m[K_desPos[m[K’ [[01;35m[K-Wunused-parameter[m[K]
   26 | Eigen::VectorXd KDLController::idCntr([01;35m[KKDL::Frame &_desPos[m[K,
      |                                       [01;35m[K~~~~~~~~~~~~^~~~~~~[m[K
[01m[K/home/user/ros2_ws/src/ros2_kdl_package/src/kdl_control.cpp:27:51:[m[K [01;35m[Kwarning: [m[Kunused parameter ‘[01m[K_desVel[m[K’ [[01;35m[K-Wunused-parameter[m[K]
   27 |                                       [01;35m[KKDL::Twist &_desVel[m[K,
      |                                       [01;35m[K~~~~~~~~~~~~^~~~~~~[m[K
[01m[K/home/user/ros2_ws/src/ros2_kdl_package/src/kdl_control.cpp:28:51:[m[K [01;35m[Kwarning: [m[Kunused parameter ‘[01m[K_desAcc[m[K’ [[01;35m[K-Wunused-parameter[m[K]
   28 |                                       [01;35m[KKDL::Twist &_desAcc[m[K,
      |                                       [01;35m[K~~~~~~~~~~~~^~~~~~~[m[K
[01m[K/home/user/ros2_ws/src/ros2_kdl_package/src/kdl_control.cpp:29:46:[m[K [01;35m[Kwarning: [m[Kunused parameter ‘[01m[K_Kpp[m[K’ [[01;35m[K-Wunused-parameter[m[K]
   29 |                                       [01;35m[Kdouble _Kpp[m[K, double _Kpo,
      |                                       [01;35m[K~~~~~~~^~~~[m[K
[01m[K/home/user/ros2_ws/src/ros2_kdl_package/src/kdl_control.cpp:29:59:[m[K [01;35m[Kwarning: [m[Kunused parameter ‘[01m[K_Kpo[m[K’ [[01;35m[K-Wunused-parameter[m[K]
   29 |                                       double _Kpp, [01;35m[Kdouble _Kpo[m[K,
      |                                                    [01;35m[K~~~~~~~^~~~[m[K
[01m[K/home/user/ros2_ws/src/ros2_kdl_package/src/kdl_control.cpp:30:46:[m[K [01;35m[Kwarning: [m[Kunused parameter ‘[01m[K_Kdp[m[K’ [[01;35m[K-Wunused-parameter[m[K]
   30 |                                       [01;35m[Kdouble _Kdp[m[K, double _Kdo)
      |                                       [01;35m[K~~~~~~~^~~~[m[K
[01m[K/home/user/ros2_ws/src/ros2_kdl_package/src/kdl_control.cpp:30:59:[m[K [01;35m[Kwarning: [m[Kunused parameter ‘[01m[K_Kdo[m[K’ [[01;35m[K-Wunused-parameter[m[K]
   30 |                                       double _Kdp, [01;35m[Kdouble _Kdo[m[K)
      |                                                    [01;35m[K~~~~~~~^~~~[m[K
[01m[K/home/user/ros2_ws/src/ros2_kdl_package/src/ros2_kdl_node_example.cpp:[m[K In function ‘[01m[Kint main(int, char**)[m[K’:
[01m[K/home/user/ros2_ws/src/ros2_kdl_package/src/ros2_kdl_node_example.cpp:51:25:[m[K [01;35m[Kwarning: [m[Kcomparison of constant ‘[01m[K0[m[K’ with boolean expression is always true [[01;35m[K-Wbool-compare[m[K]
   51 |     if([01;35m[Kkinematics_status>=0[m[K){
      |        [01;35m[K~~~~~~~~~~~~~~~~~^~~[m[K
[ 85%] [32m[1mLinking CXX executable ros2_kdl_node_example[0m
[ 85%] Built target ros2_kdl_node_example
gmake[2]: *** [CMakeFiles/ros2_kdl_node.dir/build.make:76: CMakeFiles/ros2_kdl_node.dir/src/ros2_kdl_node.cpp.o] Interrupt
gmake[1]: *** [CMakeFiles/Makefile2:139: CMakeFiles/ros2_kdl_node.dir/all] Interrupt
gmake: *** [Makefile:146: all] Interrupt
