[0.048s] DEBUG:colcon:Command line arguments: ['/usr/bin/colcon', 'build']
[0.048s] DEBUG:colcon:Parsed command line arguments: Namespace(log_base=None, log_level=None, verb_name='build', build_base='build', install_base='install', merge_install=False, symlink_install=False, test_result_base=None, continue_on_error=False, executor='parallel', parallel_workers=32, event_handlers=None, ignore_user_meta=False, metas=['./colcon.meta'], base_paths=['.'], packages_ignore=None, packages_ignore_regex=None, paths=None, packages_up_to=None, packages_up_to_regex=None, packages_above=None, packages_above_and_dependencies=None, packages_above_depth=None, packages_select_by_dep=None, packages_skip_by_dep=None, packages_skip_up_to=None, packages_select_build_failed=False, packages_skip_build_finished=False, packages_select_test_failures=False, packages_skip_test_passed=False, packages_select=None, packages_skip=None, packages_select_regex=None, packages_skip_regex=None, packages_start=None, packages_end=None, cmake_args=None, cmake_target=None, cmake_target_skip_unavailable=False, cmake_clean_cache=False, cmake_clean_first=False, cmake_force_configure=False, ament_cmake_args=None, catkin_cmake_args=None, catkin_skip_building_tests=False, mixin_files=None, mixin=None, verb_parser=<colcon_mixin.mixin.mixin_argument.MixinArgumentDecorator object at 0x7cfadd124070>, verb_extension=<colcon_core.verb.build.BuildVerb object at 0x7cfadd25b940>, main=<bound method BuildVerb.main of <colcon_core.verb.build.BuildVerb object at 0x7cfadd25b940>>, mixin_verb=('build',))
[0.110s] Level 1:colcon.colcon_core.package_discovery:discover_packages(colcon_meta) check parameters
[0.110s] Level 1:colcon.colcon_core.package_discovery:discover_packages(recursive) check parameters
[0.110s] Level 1:colcon.colcon_core.package_discovery:discover_packages(ignore) check parameters
[0.110s] Level 1:colcon.colcon_core.package_discovery:discover_packages(path) check parameters
[0.110s] Level 1:colcon.colcon_core.package_discovery:discover_packages(colcon_meta) discover
[0.110s] Level 1:colcon.colcon_core.package_discovery:discover_packages(recursive) discover
[0.111s] INFO:colcon.colcon_core.package_discovery:Crawling recursively for packages in '/home/user/ros2_ws/src/ros2_kdl_package'
[0.111s] Level 1:colcon.colcon_core.package_identification:_identify(.) by extensions ['ignore', 'ignore_ament_install']
[0.111s] Level 1:colcon.colcon_core.package_identification:_identify(.) by extension 'ignore'
[0.111s] Level 1:colcon.colcon_core.package_identification:_identify(.) by extension 'ignore_ament_install'
[0.111s] Level 1:colcon.colcon_core.package_identification:_identify(.) by extensions ['colcon_pkg']
[0.111s] Level 1:colcon.colcon_core.package_identification:_identify(.) by extension 'colcon_pkg'
[0.111s] Level 1:colcon.colcon_core.package_identification:_identify(.) by extensions ['colcon_meta']
[0.111s] Level 1:colcon.colcon_core.package_identification:_identify(.) by extension 'colcon_meta'
[0.111s] Level 1:colcon.colcon_core.package_identification:_identify(.) by extensions ['ros']
[0.111s] Level 1:colcon.colcon_core.package_identification:_identify(.) by extension 'ros'
[0.117s] DEBUG:colcon.colcon_core.package_identification:Package '.' with type 'ros.ament_cmake' and name 'ros2_kdl_package'
[0.118s] Level 1:colcon.colcon_core.package_discovery:discover_packages(recursive) using defaults
[0.118s] Level 1:colcon.colcon_core.package_discovery:discover_packages(ignore) discover
[0.118s] Level 1:colcon.colcon_core.package_discovery:discover_packages(ignore) using defaults
[0.118s] Level 1:colcon.colcon_core.package_discovery:discover_packages(path) discover
[0.118s] Level 1:colcon.colcon_core.package_discovery:discover_packages(path) using defaults
[0.127s] Level 5:colcon.colcon_core.verb:set package 'ros2_kdl_package' build argument 'cmake_args' from command line to 'None'
[0.127s] Level 5:colcon.colcon_core.verb:set package 'ros2_kdl_package' build argument 'cmake_target' from command line to 'None'
[0.127s] Level 5:colcon.colcon_core.verb:set package 'ros2_kdl_package' build argument 'cmake_target_skip_unavailable' from command line to 'False'
[0.127s] Level 5:colcon.colcon_core.verb:set package 'ros2_kdl_package' build argument 'cmake_clean_cache' from command line to 'False'
[0.127s] Level 5:colcon.colcon_core.verb:set package 'ros2_kdl_package' build argument 'cmake_clean_first' from command line to 'False'
[0.127s] Level 5:colcon.colcon_core.verb:set package 'ros2_kdl_package' build argument 'cmake_force_configure' from command line to 'False'
[0.127s] Level 5:colcon.colcon_core.verb:set package 'ros2_kdl_package' build argument 'ament_cmake_args' from command line to 'None'
[0.127s] Level 5:colcon.colcon_core.verb:set package 'ros2_kdl_package' build argument 'catkin_cmake_args' from command line to 'None'
[0.127s] Level 5:colcon.colcon_core.verb:set package 'ros2_kdl_package' build argument 'catkin_skip_building_tests' from command line to 'False'
[0.127s] DEBUG:colcon.colcon_core.verb:Building package 'ros2_kdl_package' with the following arguments: {'ament_cmake_args': None, 'build_base': '/home/user/ros2_ws/src/ros2_kdl_package/build/ros2_kdl_package', 'catkin_cmake_args': None, 'catkin_skip_building_tests': False, 'cmake_args': None, 'cmake_clean_cache': False, 'cmake_clean_first': False, 'cmake_force_configure': False, 'cmake_target': None, 'cmake_target_skip_unavailable': False, 'install_base': '/home/user/ros2_ws/src/ros2_kdl_package/install/ros2_kdl_package', 'merge_install': False, 'path': '/home/user/ros2_ws/src/ros2_kdl_package', 'symlink_install': False, 'test_result_base': None}
[0.127s] INFO:colcon.colcon_core.executor:Executing jobs using 'parallel' executor
[0.128s] DEBUG:colcon.colcon_parallel_executor.executor.parallel:run_until_complete
[0.128s] INFO:colcon.colcon_ros.task.ament_cmake.build:Building ROS package in '/home/user/ros2_ws/src/ros2_kdl_package' with build type 'ament_cmake'
[0.128s] INFO:colcon.colcon_cmake.task.cmake.build:Building CMake package in '/home/user/ros2_ws/src/ros2_kdl_package'
[0.129s] INFO:colcon.colcon_core.plugin_system:Skipping extension 'colcon_core.shell.bat': Not used on non-Windows systems
[0.129s] INFO:colcon.colcon_core.shell:Skip shell extension 'powershell' for command environment: Not usable outside of PowerShell
[0.129s] DEBUG:colcon.colcon_core.shell:Skip shell extension 'dsv' for command environment
[0.135s] DEBUG:colcon.colcon_core.event_handler.log_command:Invoking command in '/home/user/ros2_ws/src/ros2_kdl_package/build/ros2_kdl_package': CMAKE_PREFIX_PATH=${CMAKE_PREFIX_PATH}:/home/user/ros2_ws/install/joint_state_publisher_gui:/home/user/ros2_ws/install/joint_state_publisher:/opt/ros/humble /usr/bin/cmake /home/user/ros2_ws/src/ros2_kdl_package -DCMAKE_INSTALL_PREFIX=/home/user/ros2_ws/src/ros2_kdl_package/install/ros2_kdl_package
[1.238s] DEBUG:colcon.colcon_core.event_handler.log_command:Invoked command in '/home/user/ros2_ws/src/ros2_kdl_package/build/ros2_kdl_package' returned '0': CMAKE_PREFIX_PATH=${CMAKE_PREFIX_PATH}:/home/user/ros2_ws/install/joint_state_publisher_gui:/home/user/ros2_ws/install/joint_state_publisher:/opt/ros/humble /usr/bin/cmake /home/user/ros2_ws/src/ros2_kdl_package -DCMAKE_INSTALL_PREFIX=/home/user/ros2_ws/src/ros2_kdl_package/install/ros2_kdl_package
[1.239s] DEBUG:colcon.colcon_core.event_handler.log_command:Invoking command in '/home/user/ros2_ws/src/ros2_kdl_package/build/ros2_kdl_package': CMAKE_PREFIX_PATH=${CMAKE_PREFIX_PATH}:/home/user/ros2_ws/install/joint_state_publisher_gui:/home/user/ros2_ws/install/joint_state_publisher:/opt/ros/humble /usr/bin/cmake --build /home/user/ros2_ws/src/ros2_kdl_package/build/ros2_kdl_package -- -j32 -l32
[7.372s] DEBUG:colcon.colcon_parallel_executor.executor.parallel:run_until_complete was interrupted
[7.372s] DEBUG:colcon.colcon_parallel_executor.executor.parallel:run_until_complete again
[7.396s] DEBUG:colcon.colcon_core.event_handler.log_command:Invoked command in '/home/user/ros2_ws/src/ros2_kdl_package/build/ros2_kdl_package' returned '-2': CMAKE_PREFIX_PATH=${CMAKE_PREFIX_PATH}:/home/user/ros2_ws/install/joint_state_publisher_gui:/home/user/ros2_ws/install/joint_state_publisher:/opt/ros/humble /usr/bin/cmake --build /home/user/ros2_ws/src/ros2_kdl_package/build/ros2_kdl_package -- -j32 -l32
[7.396s] Level 1:colcon.colcon_core.environment:create_environment_scripts_only(ros2_kdl_package)
[7.397s] Level 1:colcon.colcon_core.environment:checking '/home/user/ros2_ws/src/ros2_kdl_package/install/ros2_kdl_package' for CMake module files
[7.397s] Level 1:colcon.colcon_core.environment:checking '/home/user/ros2_ws/src/ros2_kdl_package/install/ros2_kdl_package' for CMake config files
[7.398s] Level 1:colcon.colcon_core.environment:checking '/home/user/ros2_ws/src/ros2_kdl_package/install/ros2_kdl_package/bin'
[7.398s] Level 1:colcon.colcon_core.environment:checking '/home/user/ros2_ws/src/ros2_kdl_package/install/ros2_kdl_package/lib/pkgconfig/ros2_kdl_package.pc'
[7.399s] Level 1:colcon.colcon_core.environment:checking '/home/user/ros2_ws/src/ros2_kdl_package/install/ros2_kdl_package/lib/python3.10/site-packages'
[7.399s] Level 1:colcon.colcon_core.environment:checking '/home/user/ros2_ws/src/ros2_kdl_package/install/ros2_kdl_package/bin'
[7.399s] INFO:colcon.colcon_core.shell:Creating package script '/home/user/ros2_ws/src/ros2_kdl_package/install/ros2_kdl_package/share/ros2_kdl_package/package.ps1'
[7.399s] INFO:colcon.colcon_core.shell:Creating package descriptor '/home/user/ros2_ws/src/ros2_kdl_package/install/ros2_kdl_package/share/ros2_kdl_package/package.dsv'
[7.400s] INFO:colcon.colcon_core.shell:Creating package script '/home/user/ros2_ws/src/ros2_kdl_package/install/ros2_kdl_package/share/ros2_kdl_package/package.sh'
[7.400s] INFO:colcon.colcon_core.shell:Creating package script '/home/user/ros2_ws/src/ros2_kdl_package/install/ros2_kdl_package/share/ros2_kdl_package/package.bash'
[7.400s] INFO:colcon.colcon_core.shell:Creating package script '/home/user/ros2_ws/src/ros2_kdl_package/install/ros2_kdl_package/share/ros2_kdl_package/package.zsh'
[7.400s] Level 1:colcon.colcon_core.environment:create_file_with_runtime_dependencies(/home/user/ros2_ws/src/ros2_kdl_package/install/ros2_kdl_package/share/colcon-core/packages/ros2_kdl_package)
[7.411s] DEBUG:colcon.colcon_parallel_executor.executor.parallel:run_until_complete finished
[7.411s] DEBUG:colcon.colcon_parallel_executor.executor.parallel:closing loop
[7.411s] DEBUG:colcon.colcon_parallel_executor.executor.parallel:loop closed
[7.411s] DEBUG:colcon.colcon_core.event_reactor:joining thread
[7.415s] INFO:colcon.colcon_core.plugin_system:Skipping extension 'colcon_notification.desktop_notification.notify_send': Could not find 'notify-send'
[7.415s] INFO:colcon.colcon_core.plugin_system:Skipping extension 'colcon_notification.desktop_notification.terminal_notifier': Not used on non-Darwin systems
[7.415s] INFO:colcon.colcon_core.plugin_system:Skipping extension 'colcon_notification.desktop_notification.win32': Not used on non-Windows systems
[7.415s] INFO:colcon.colcon_notification.desktop_notification:Sending desktop notification using 'notify2'
[7.417s] DEBUG:colcon.colcon_notification.desktop_notification.notify2:Failed to initialize notify2: org.freedesktop.DBus.Error.Spawn.ExecFailed: /usr/bin/dbus-launch terminated abnormally without any error message
[7.417s] DEBUG:colcon.colcon_core.event_reactor:joined thread
[7.418s] INFO:colcon.colcon_core.shell:Creating prefix script '/home/user/ros2_ws/src/ros2_kdl_package/install/local_setup.ps1'
[7.418s] INFO:colcon.colcon_core.shell:Creating prefix util module '/home/user/ros2_ws/src/ros2_kdl_package/install/_local_setup_util_ps1.py'
[7.420s] INFO:colcon.colcon_core.shell:Creating prefix chain script '/home/user/ros2_ws/src/ros2_kdl_package/install/setup.ps1'
[7.421s] INFO:colcon.colcon_core.shell:Creating prefix script '/home/user/ros2_ws/src/ros2_kdl_package/install/local_setup.sh'
[7.421s] INFO:colcon.colcon_core.shell:Creating prefix util module '/home/user/ros2_ws/src/ros2_kdl_package/install/_local_setup_util_sh.py'
[7.421s] INFO:colcon.colcon_core.shell:Creating prefix chain script '/home/user/ros2_ws/src/ros2_kdl_package/install/setup.sh'
[7.422s] INFO:colcon.colcon_core.shell:Creating prefix script '/home/user/ros2_ws/src/ros2_kdl_package/install/local_setup.bash'
[7.422s] INFO:colcon.colcon_core.shell:Creating prefix chain script '/home/user/ros2_ws/src/ros2_kdl_package/install/setup.bash'
[7.423s] INFO:colcon.colcon_core.shell:Creating prefix script '/home/user/ros2_ws/src/ros2_kdl_package/install/local_setup.zsh'
[7.423s] INFO:colcon.colcon_core.shell:Creating prefix chain script '/home/user/ros2_ws/src/ros2_kdl_package/install/setup.zsh'
